Removed Pin From Net: NetName=GND Pin= -2
Removed Pin From Net: NetName=GND Pin=C11-2
Removed Pin From Net: NetName=VCC3_3V Pin=C12-1
Removed Pin From Net: NetName=GND Pin=C12-2
Removed Pin From Net: NetName=VCC3_3V Pin=C14-1
Removed Pin From Net: NetName=GND Pin=C14-2
Removed Pin From Net: NetName=GND Pin=U4-1
Removed Pin From Net: NetName=VCC3_3V Pin=U4-8
Removed Pin From Net: NetName=GND Pin=U4-9
Removed Pin From Net: NetName=GND Pin=U4-11
Removed Pin From Net: NetName=VCC3_3V Pin=U4-13
Removed Pin From Net: NetName=GND Pin=U4-18
Removed Pin From Net: NetName=BH_SCL Pin=U4-23
Removed Pin From Net: NetName=BH_SDA Pin=U4-24
Removed Member From Class: ClassName=Main Member=C11
Removed Member From Class: ClassName=Main Member=C12
Removed Member From Class: ClassName=Main Member=C14
Removed Member From Class: ClassName=Main Member= 
Removed Member From Class: ClassName=Main Member=U4
Change Component Designator: OldDesignator=l NewDesignator=L1
