Removed Pin From Net: NetName=VCC3_3V Pin=C4-1
Removed Pin From Net: NetName=GND Pin=C4-2
Removed Pin From Net: NetName=VCC3_3V Pin=C5-1
Removed Pin From Net: NetName=GND Pin=C5-2
Removed Pin From Net: NetName=TXD Pin=R3-2
Removed Pin From Net: NetName=GND Pin=U2-1
Removed Pin From Net: NetName=RXD Pin=U2-3
Removed Pin From Net: NetName=VCC3_3V Pin=U2-4
Removed Pin From Net: NetName=USB2C_P Pin=U2-5
Removed Pin From Net: NetName=USB2C_N Pin=U2-6
Removed Pin From Net: NetName=DTR Pin=U2-13
Removed Pin From Net: NetName=RTS Pin=U2-14
Removed Pin From Net: NetName=VCC3_3V Pin=U2-16
Removed Member From Class: ClassName=Main Member=R13
Removed Member From Class: ClassName=Main Member=U3
Change Component Comment : Designator=C5 Old Comment=10uF New Comment=0.1UF
Change Component Designator: OldDesignator=*2 NewDesignator=*3
Change Component Designator: OldDesignator=C6 NewDesignator=C7
Change Component Designator: OldDesignator=C7 NewDesignator=C8
Change Component Designator: OldDesignator=C8 NewDesignator=C9
Change Component Designator: OldDesignator=C9 NewDesignator=C10
Change Component Designator: OldDesignator=C10 NewDesignator=C11
Change Component Designator: OldDesignator=R4 NewDesignator=R3
Change Component Designator: OldDesignator=R5 NewDesignator=R4
Change Component Designator: OldDesignator=R6 NewDesignator=R5
Change Component Designator: OldDesignator=R7 NewDesignator=R6
Change Component Designator: OldDesignator=R8 NewDesignator=R7
Change Component Designator: OldDesignator=R9 NewDesignator=R8
Change Component Designator: OldDesignator=R10 NewDesignator=R9
Change Component Designator: OldDesignator=R11 NewDesignator=R10
Change Component Designator: OldDesignator=R13 NewDesignator=R11
Change Component Designator: OldDesignator=U3 NewDesignator=U2
Added Component: Designator=*2(ch9102f)
Added Component: Designator=C6(CAP_0402)
Add component (AddParameter): Name = "Value"; Value = "0.1u"; VariantName = "[No Variations]"
Added Pin To Net: NetName=GND Pin=*2-2
Added Pin To Net: NetName=VCC3_3V Pin=*2-5
Added Pin To Net: NetName=VCC3_3V Pin=*2-6
Added Pin To Net: NetName=VCC3_3V Pin=*2-7
Added Pin To Net: NetName=RTS Pin=*2-19
Added Pin To Net: NetName=RXD Pin=*2-20
Added Pin To Net: NetName=TXD Pin=*2-21
Added Pin To Net: NetName=DTR Pin=*2-23
Added Pin To Net: NetName=GND Pin=*2-25
Added Pin To Net: NetName=GND Pin=C4-1
Added Pin To Net: NetName=VCC3_3V Pin=C4-2
Added Pin To Net: NetName=GND Pin=C5-1
Added Pin To Net: NetName=VCC3_3V Pin=C5-2
Added Pin To Net: NetName=GND Pin=C6-1
Change Net Name : Old Net Name=VCC3_3V New Net Name=V3_3
Added Pin To Net: NetName=UD+ Pin=*2-3
Added Net: Name=UD+
Added Pin To Net: NetName=UD- Pin=*2-4
Added Net: Name=UD-
Added Pin To Net: NetName=VBUS Pin=*2-8
Added Pin To Net: NetName=VBUS Pin=C6-2
Added Net: Name=VBUS
Added Member To Class: ClassName=Main Member=Component *3 TF¡ª08-375
Added Member To Class: ClassName=Main Member=Component C11 10uF
